<?xml version="1.0" encoding="UTF-8"?>
<!-- Generated by org.testng.reporters.JUnitReportReporter -->
<testsuite skipped="0" hostname="DESKTOP-S4S7MQK" name="crmprotest.HomePageTest" tests="10" failures="0" timestamp="2022-11-10T11:18:39 IST" time="351.464" errors="0">
  <testcase name="validateLogoutBtnTest" time="35.345" classname="crmprotest.HomePageTest"/>
  <system-out/>
  <testcase name="validateDisplayedLogoTest" time="36.709" classname="crmprotest.HomePageTest"/>
  <system-out/>
  <testcase name="validateUserNameTest" time="34.764" classname="crmprotest.HomePageTest"/>
  <system-out/>
  <testcase name="validateHomeLinkTest" time="19.943" classname="crmprotest.HomePageTest"/>
  <system-out/>
  <testcase name="validateCalenderlinktest" time="37.895" classname="crmprotest.HomePageTest"/>
  <system-out/>
  <testcase name="validateComponyLinkTest" time="37.393" classname="crmprotest.HomePageTest"/>
  <system-out/>
  <testcase name="validateContactLinkTest" time="38.398" classname="crmprotest.HomePageTest"/>
  <system-out/>
  <testcase name="validateDealLinkTest" time="36.813" classname="crmprotest.HomePageTest"/>
  <system-out/>
  <testcase name="validateSetUpLinkTest" time="37.395" classname="crmprotest.HomePageTest"/>
  <system-out/>
  <testcase name="validateTaskLinkTest" time="36.809" classname="crmprotest.HomePageTest"/>
  <system-out/>
</testsuite> <!-- crmprotest.HomePageTest -->
