<?xml version="1.0" encoding="UTF-8"?>
<!-- Generated by org.testng.reporters.JUnitReportReporter -->
<testsuite skipped="0" hostname="DESKTOP-S4S7MQK" name="crmprotest.LoginPageTest" tests="4" failures="0" timestamp="2022-11-10T11:18:39 IST" time="121.240" errors="0">
  <testcase name="validateLoginPageTest" time="35.415" classname="crmprotest.LoginPageTest"/>
  <system-out/>
  <testcase name="validateLogoImgTest" time="26.592" classname="crmprotest.LoginPageTest"/>
  <system-out/>
  <testcase name="validateGetTitleTest" time="25.973" classname="crmprotest.LoginPageTest"/>
  <system-out/>
  <testcase name="validateForgetPasswordTest" time="33.260" classname="crmprotest.LoginPageTest"/>
  <system-out/>
</testsuite> <!-- crmprotest.LoginPageTest -->
