<?xml version="1.0" encoding="UTF-8"?>
<!-- Generated by org.testng.reporters.JUnitReportReporter -->
<testsuite skipped="0" hostname="DESKTOP-S4S7MQK" name="crmprotest.NewContactPageTest" tests="6" failures="0" timestamp="2022-11-10T11:18:39 IST" time="249.715" errors="0">
  <testcase name="ValidateCreateContactTest" time="39.735" classname="crmprotest.NewContactPageTest"/>
  <system-out/>
  <testcase name="ValidateCreateContactTest" time="39.826" classname="crmprotest.NewContactPageTest"/>
  <system-out/>
  <testcase name="ValidateCreateContactTest" time="39.074" classname="crmprotest.NewContactPageTest"/>
  <system-out/>
  <testcase name="ValidateCreateContactTest" time="50.721" classname="crmprotest.NewContactPageTest"/>
  <system-out/>
  <testcase name="ValidateCreateContactTest" time="39.965" classname="crmprotest.NewContactPageTest"/>
  <system-out/>
  <testcase name="ValidateCreateContactTest" time="40.394" classname="crmprotest.NewContactPageTest"/>
  <system-out/>
</testsuite> <!-- crmprotest.NewContactPageTest -->
