<?xml version="1.0" encoding="UTF-8"?>
<!-- Generated by org.testng.reporters.JUnitReportReporter -->
<testsuite skipped="0" hostname="DESKTOP-S4S7MQK" name="crmprotest.NewDealPageTest" tests="1" failures="0" timestamp="2022-11-10T11:18:39 IST" time="43.626" errors="0">
  <testcase name="validateDealTest" time="43.626" classname="crmprotest.NewDealPageTest"/>
  <system-out/>
</testsuite> <!-- crmprotest.NewDealPageTest -->
