<?xml version="1.0" encoding="UTF-8"?>
<!-- Generated by org.testng.reporters.JUnitReportReporter -->
<testsuite skipped="0" hostname="DESKTOP-S4S7MQK" name="crmprotest.NewTaskPageTest" tests="1" failures="0" timestamp="2022-11-10T11:18:39 IST" time="38.253" errors="0">
  <testcase name="validateDealTest" time="38.253" classname="crmprotest.NewTaskPageTest"/>
  <system-out/>
</testsuite> <!-- crmprotest.NewTaskPageTest -->
