<?xml version="1.0" encoding="UTF-8"?>
<!-- Generated by org.testng.reporters.JUnitReportReporter -->
<testsuite skipped="0" hostname="DESKTOP-S4S7MQK" name="crmprotest.NewEventPageTest" tests="1" failures="0" timestamp="2022-11-10T11:18:39 IST" time="41.483" errors="0">
  <testcase name="validateNewEventTest" time="41.483" classname="crmprotest.NewEventPageTest"/>
  <system-out/>
</testsuite> <!-- crmprotest.NewEventPageTest -->
